info: server running on port : 3000
error: listen EADDRINUSE: address already in use :::3000 {"code":"EADDRINUSE","errno":-98,"syscall":"listen","address":"::","port":3000}
error: listen EADDRINUSE: address already in use :::3000 {"code":"EADDRINUSE","errno":-98,"syscall":"listen","address":"::","port":3000}
info: server running on port : 3000
info: server running on port : 3000
info: server running on port : 3000
info: server running on port : 3000
info: Mongoose connection error
error: The `uri` parameter to `openUri()` must be a string, got "undefined". Make sure the first parameter to `mongoose.connect()` or `mongoose.createConnection()` is a string.
info: server running on port : 3000
info: Mongoose connection error
error: The `uri` parameter to `openUri()` must be a string, got "undefined". Make sure the first parameter to `mongoose.connect()` or `mongoose.createConnection()` is a string.
info: server running on port : 3000
info: Mongoose default connection open to mongodb://localhost:27017/curoBackend
info: Mongoose connection done
info: Mongoose default connection disconnected
info: server running on port : 3000
info: Mongoose default connection open to mongodb://localhost:27017/curoBackend
info: Mongoose connection done
info: Mongoose default connection disconnected
info: server running on port : 3000
info: Mongoose default connection open to mongodb://localhost:27017/curoBackend
info: Mongoose connection done
info: server running on port : 3000
info: Mongoose default connection open to mongodb://localhost:27017/curoBackend
info: Mongoose connection done
info: server running on port : 3000
info: Mongoose default connection open to mongodb://localhost:27017/curoBackend
info: Mongoose connection done
info: server running on port : 3000
info: Mongoose default connection open to mongodb://localhost:27017/curoBackend
info: Mongoose connection done
info: Mongoose default connection disconnected
info: server running on port : 3000
info: Mongoose default connection open to mongodb://localhost:27017/curoBackend
info: Mongoose connection done
info: server running on port : 3000
info: Mongoose default connection open to mongodb://localhost:27017/curoBackend
info: Mongoose connection done
info: server running on port : 3000
info: Mongoose default connection open to mongodb://localhost:27017/curoBackend
info: Mongoose connection done
info: server running on port : 3000
info: Mongoose default connection open to mongodb://localhost:27017/curoBackend
info: Mongoose connection done
info: server running on port : 3000
info: Mongoose default connection open to mongodb://localhost:27017/curoBackend
info: Mongoose connection done
